<?xml version="1.0" encoding="UTF-8"?><testsuite errors="0" failures="0" name="com.vahini.currencylist.CurrencyListTest" skipped="0" tests="2" time="22.93" timestamp="2022-02-24T21:44:08.247+01:00[Europe/Berlin]"><testcase classname="com.vahini.currencylist.CurrencyListTest" name="Getting the list of all currencies and verifying GBP &amp; USD in the list, list has more than 20 items &amp; storing all abbreviations to an ArrayList "/><testcase classname="com.vahini.currencylist.CurrencyListTest" name="Getting single currency record and checking that all currencies have same amount of currencies to exchange to"/></testsuite>